<?xml version="1.0" encoding="UTF-8"?>
<!-- Generated by org.testng.reporters.JUnitXMLReporter -->
<testsuite ignored="2" hostname="ubuntu" failures="2" tests="3" name="Default test(failed)" time="0.116" errors="0" timestamp="2023-06-17T08:00:06 IST">
  <testcase classname="testNGXML.FailedTCStudy" name="myMethod3" time="0.015">
    <failure type="java.lang.AssertionError" message="null">
      <![CDATA[java.lang.AssertionError: null
at testNGXML.FailedTCStudy.myMethod3(FailedTCStudy.java:21)
at java.base/java.util.ArrayList.forEach(ArrayList.java:1511)
... Removed 29 stack frames]]>
    </failure>
  </testcase> <!-- myMethod3 -->
  <testcase classname="testNGXML.FailedTCStudy" name="myMethod4" time="0.003">
    <failure type="java.lang.AssertionError" message="null">
      <![CDATA[java.lang.AssertionError: null
at testNGXML.FailedTCStudy.myMethod4(FailedTCStudy.java:27)
at java.base/java.util.ArrayList.forEach(ArrayList.java:1511)
... Removed 29 stack frames]]>
    </failure>
  </testcase> <!-- myMethod4 -->
  <testcase classname="testNGXML.FailedTCStudy" name="myMethod5" time="0.006"/>
  <testcase classname="testNGXML.FailedTCStudy" name="myMethod2" time="0.0">
    <ignored/>
  </testcase> <!-- myMethod2 -->
  <testcase classname="testNGXML.FailedTCStudy" name="myMethod1" time="0.0">
    <ignored/>
  </testcase> <!-- myMethod1 -->
</testsuite> <!-- Default test(failed) -->
