<?xml version="1.0" encoding="UTF-8"?>
<!-- Generated by org.testng.reporters.JUnitXMLReporter -->
<testsuite ignored="3" hostname="ubuntu" failures="1" tests="2" name="Default test(failed)(failed)" time="0.099" errors="0" timestamp="2023-06-17T08:00:34 IST">
  <testcase classname="testNGXML.FailedTCStudy" name="myMethod3" time="0.016">
    <failure type="java.lang.AssertionError" message="null">
      <![CDATA[java.lang.AssertionError: null
at testNGXML.FailedTCStudy.myMethod3(FailedTCStudy.java:21)
at java.base/java.util.ArrayList.forEach(ArrayList.java:1511)
... Removed 29 stack frames]]>
    </failure>
  </testcase> <!-- myMethod3 -->
  <testcase classname="testNGXML.FailedTCStudy" name="myMethod4" time="0.004"/>
  <testcase classname="testNGXML.FailedTCStudy" name="myMethod1" time="0.0">
    <ignored/>
  </testcase> <!-- myMethod1 -->
  <testcase classname="testNGXML.FailedTCStudy" name="myMethod2" time="0.0">
    <ignored/>
  </testcase> <!-- myMethod2 -->
  <testcase classname="testNGXML.FailedTCStudy" name="myMethod5" time="0.0">
    <ignored/>
  </testcase> <!-- myMethod5 -->
</testsuite> <!-- Default test(failed)(failed) -->
