<?xml version="1.0" encoding="UTF-8"?>
<!-- Generated by org.testng.reporters.JUnitXMLReporter -->
<testsuite ignored="2" hostname="ubuntu" failures="2" tests="3" name="Test(failed)" time="0.104" errors="0" timestamp="2023-06-16T14:26:34 IST">
  <testcase classname="testNGXML.FailedTCStudy" name="myMethod3" time="0.015">
    <failure type="java.lang.AssertionError" message="null">
      <![CDATA[java.lang.AssertionError: null
at testNGXML.FailedTCStudy.myMethod3(FailedTCStudy.java:22)
at java.base/java.util.ArrayList.forEach(ArrayList.java:1511)
... Removed 29 stack frames]]>
    </failure>
  </testcase> <!-- myMethod3 -->
  <testcase classname="testNGXML.FailedTCStudy" name="myMethod2" time="0.003"/>
  <testcase classname="testNGXML.FailedTCStudy" name="myMethod5" time="0.004">
    <failure type="java.lang.AssertionError" message="null">
      <![CDATA[java.lang.AssertionError: null
at testNGXML.FailedTCStudy.myMethod5(FailedTCStudy.java:33)
at java.base/java.util.ArrayList.forEach(ArrayList.java:1511)
... Removed 29 stack frames]]>
    </failure>
  </testcase> <!-- myMethod5 -->
  <testcase classname="testNGXML.FailedTCStudy" name="myMethod4" time="0.0">
    <ignored/>
  </testcase> <!-- myMethod4 -->
  <testcase classname="testNGXML.FailedTCStudy" name="myMethod1" time="0.0">
    <ignored/>
  </testcase> <!-- myMethod1 -->
</testsuite> <!-- Test(failed) -->
